<?xml version="1.0" encoding="UTF-8"?>
<!-- Generated by org.testng.reporters.JUnitReportReporter -->
<testsuite hostname="DESKTOP-73T17CU" failures="0" tests="1" name="driverFactory.AppTest" time="72.100" errors="0" timestamp="2024-02-07T16:08:09 IST" skipped="0">
  <testcase classname="driverFactory.AppTest" name="kickStart" time="72.100"/>
</testsuite> <!-- driverFactory.AppTest -->
