<?xml version="1.0" encoding="UTF-8"?>
<!-- Generated by org.testng.reporters.JUnitReportReporter -->
<testsuite hostname="DESKTOP-73T17CU" failures="0" tests="1" name="driverFactory.AppTest" time="66.193" errors="0" timestamp="2024-01-30T16:43:22 IST" skipped="0">
  <testcase classname="driverFactory.AppTest" name="kickStart" time="66.193"/>
</testsuite> <!-- driverFactory.AppTest -->
